<html>
<body>
<pre>
<h1>Vision Build Log</h1>
<h2>Project:</h2>
C:\Users\tianlx\Desktop\工作目录\N76E003_BSP_Keil_C51_V1.0.6\Sample_Code\GPIOTEST\GPIO.uvproj
Project File Date:  10/18/2018

<h2>Output:</h2>
Build target 'GPIO'
compiling GPIO.C...
CODE\GPIO.C(163): error C141: syntax error near 'uint16_t'
CODE\GPIO.C(163): error C202: 'voltage': undefined identifier
CODE\GPIO.C(165): error C202: 'voltage': undefined identifier
CODE\GPIO.C(169): error C202: 'voltage': undefined identifier
CODE\GPIO.C(171): error C202: 'voltage': undefined identifier
compiling temperature.c...
Code\temperature.c(1): warning C318: can't open file 'stdint.h'
CODE\TEMPERATURE.C(22): error C141: syntax error near 'voltage', expected ')'
CODE\TEMPERATURE.C(29): error C202: 'voltage': undefined identifier
compiling Delay.c...
compiling Common.c...
Target not created
Build target 'GPIO'
compiling GPIO.C...
CODE\GPIO.C(163): error C141: syntax error near 'uint16_t'
CODE\GPIO.C(163): error C202: 'voltage': undefined identifier
CODE\GPIO.C(165): error C202: 'voltage': undefined identifier
CODE\GPIO.C(169): error C202: 'voltage': undefined identifier
CODE\GPIO.C(171): error C202: 'voltage': undefined identifier
compiling temperature.c...
Code\temperature.c(1): warning C318: can't open file 'stdint.h'
CODE\TEMPERATURE.C(22): error C141: syntax error near 'voltage', expected ')'
CODE\TEMPERATURE.C(29): error C202: 'voltage': undefined identifier
compiling Delay.c...
compiling Common.c...
assembling STARTUP.A51...
Target not created
Build target 'GPIO'
compiling GPIO.C...
CODE\GPIO.C(163): error C141: syntax error near 'uint16_t'
CODE\GPIO.C(163): error C202: 'voltage': undefined identifier
CODE\GPIO.C(165): error C202: 'voltage': undefined identifier
CODE\GPIO.C(169): error C202: 'voltage': undefined identifier
CODE\GPIO.C(171): error C202: 'voltage': undefined identifier
compiling temperature.c...
CODE\TEMPERATURE.C(22): error C141: syntax error near 'voltage', expected ')'
CODE\TEMPERATURE.C(29): error C202: 'voltage': undefined identifier
compiling Delay.c...
compiling Common.c...
assembling STARTUP.A51...
Target not created
Build target 'GPIO'
compiling GPIO.C...
CODE\GPIO.C(163): error C141: syntax error near 'unsigned'
CODE\GPIO.C(163): error C202: 'voltage': undefined identifier
CODE\GPIO.C(165): error C202: 'voltage': undefined identifier
CODE\GPIO.C(169): error C202: 'voltage': undefined identifier
CODE\GPIO.C(171): error C202: 'voltage': undefined identifier
compiling temperature.c...
CODE\TEMPERATURE.C(22): error C141: syntax error near 'voltage', expected ')'
CODE\TEMPERATURE.C(29): error C202: 'voltage': undefined identifier
Target not created
Build target 'GPIO'
compiling GPIO.C...
CODE\GPIO.C(163): error C141: syntax error near 'unsigned'
CODE\GPIO.C(163): error C202: 'voltage': undefined identifier
CODE\GPIO.C(165): error C202: 'voltage': undefined identifier
CODE\GPIO.C(169): error C202: 'voltage': undefined identifier
CODE\GPIO.C(171): error C202: 'voltage': undefined identifier
compiling temperature.c...
CODE\TEMPERATURE.C(22): error C141: syntax error near 'voltage', expected ')'
CODE\TEMPERATURE.C(29): error C202: 'voltage': undefined identifier
Target not created
Build target 'GPIO'
compiling GPIO.C...
CODE\GPIO.C(164): error C141: syntax error near 'unsigned'
CODE\GPIO.C(164): error C202: 'voltage': undefined identifier
CODE\GPIO.C(166): error C202: 'voltage': undefined identifier
CODE\GPIO.C(170): error C202: 'voltage': undefined identifier
CODE\GPIO.C(172): error C202: 'voltage': undefined identifier
compiling temperature.c...
CODE\TEMPERATURE.C(22): error C141: syntax error near 'voltage', expected ')'
CODE\TEMPERATURE.C(29): error C202: 'voltage': undefined identifier
Target not created
Build target 'GPIO'
compiling GPIO.C...
CODE\GPIO.C(164): error C141: syntax error near 'unsigned'
CODE\GPIO.C(164): error C202: 'voltage': undefined identifier
CODE\GPIO.C(166): error C202: 'voltage': undefined identifier
CODE\GPIO.C(170): error C202: 'voltage': undefined identifier
CODE\GPIO.C(172): error C202: 'voltage': undefined identifier
compiling temperature.c...
CODE\TEMPERATURE.C(22): error C141: syntax error near 'voltage', expected ')'
CODE\TEMPERATURE.C(29): error C202: 'voltage': undefined identifier
Target not created
Build target 'GPIO'
compiling GPIO.C...
CODE\GPIO.C(164): error C141: syntax error near 'unsigned'
CODE\GPIO.C(164): error C202: 'voltage': undefined identifier
CODE\GPIO.C(166): error C202: 'voltage': undefined identifier
CODE\GPIO.C(170): error C202: 'voltage': undefined identifier
CODE\GPIO.C(172): error C202: 'voltage': undefined identifier
compiling temperature.c...
CODE\TEMPERATURE.C(22): error C141: syntax error near 'voltage', expected ')'
CODE\TEMPERATURE.C(29): error C202: 'voltage': undefined identifier
Target not created
Build target 'GPIO'
compiling GPIO.C...
CODE\GPIO.C(164): error C141: syntax error near 'unsigned'
CODE\GPIO.C(164): error C202: 'voltage': undefined identifier
CODE\GPIO.C(166): error C202: 'voltage': undefined identifier
CODE\GPIO.C(170): error C202: 'voltage': undefined identifier
CODE\GPIO.C(172): error C202: 'voltage': undefined identifier
compiling temperature.c...
CODE\TEMPERATURE.C(22): error C141: syntax error near 'voltage', expected ')'
CODE\TEMPERATURE.C(29): error C202: 'voltage': undefined identifier
Target not created
Build target 'GPIO'
compiling GPIO.C...
CODE\GPIO.C(170): warning C206: 'ntc_voltage_to_temp': missing function-prototype
CODE\GPIO.C(170): error C267: 'ntc_voltage_to_temp': requires ANSI-style prototype
compiling temperature.c...
CODE\TEMPERATURE.C(22): error C141: syntax error near 'voltage', expected ')'
CODE\TEMPERATURE.C(29): error C202: 'voltage': undefined identifier
Target not created
Build target 'GPIO'
compiling GPIO.C...
CODE\TEMPERATURE.H(6): warning C318: can't open file 'stdint.h'
compiling temperature.c...
CODE\TEMPERATURE.C(22): error C141: syntax error near 'voltage', expected ')'
CODE\TEMPERATURE.C(29): error C202: 'voltage': undefined identifier
Target not created
Build target 'GPIO'
compiling GPIO.C...
compiling temperature.c...
CODE\TEMPERATURE.C(22): error C141: syntax error near 'voltage', expected ')'
CODE\TEMPERATURE.C(29): error C202: 'voltage': undefined identifier
Target not created
Build target 'GPIO'
compiling GPIO.C...
CODE\TEMPERATURE.H(8): error C129: missing ';' before '<string>'
compiling temperature.c...
CODE\TEMPERATURE.C(22): error C141: syntax error near 'voltage', expected ')'
CODE\TEMPERATURE.C(29): error C202: 'voltage': undefined identifier
Target not created
Build target 'GPIO'
compiling GPIO.C...
CODE\TEMPERATURE.H(8): error C129: missing ';' before '<string>'
compiling temperature.c...
CODE\TEMPERATURE.C(22): error C141: syntax error near 'voltage', expected ')'
CODE\TEMPERATURE.C(29): error C202: 'voltage': undefined identifier
compiling Delay.c...
compiling Common.c...
assembling STARTUP.A51...
Target not created
Build target 'GPIO'
compiling GPIO.C...
CODE\TEMPERATURE.H(8): error C129: missing ';' before '<string>'
compiling temperature.c...
CODE\TEMPERATURE.C(22): error C141: syntax error near 'voltage', expected ')'
CODE\TEMPERATURE.C(29): error C202: 'voltage': undefined identifier
Target not created
Build target 'GPIO'
compiling GPIO.C...
CODE\TEMPERATURE.H(8): error C129: missing ';' before '<string>'
compiling temperature.c...
CODE\TEMPERATURE.C(22): error C141: syntax error near 'voltage', expected ')'
CODE\TEMPERATURE.C(29): error C202: 'voltage': undefined identifier
Target not created
Build target 'GPIO'
compiling GPIO.C...
CODE\TEMPERATURE.H(8): error C129: missing ';' before '<string>'
compiling temperature.c...
CODE\TEMPERATURE.C(23): error C129: missing ';' before 'double'
Target not created
Build target 'GPIO'
compiling GPIO.C...
CODE\TEMPERATURE.H(8): error C129: missing ';' before '<string>'
compiling temperature.c...
compiling Delay.c...
compiling Common.c...
assembling STARTUP.A51...
Target not created
Build target 'GPIO'
compiling GPIO.C...
CODE\TEMPERATURE.H(8): error C129: missing ';' before '<string>'
compiling temperature.c...
compiling Delay.c...
compiling Common.c...
assembling STARTUP.A51...
Target not created
Build target 'GPIO'
compiling GPIO.C...
compiling temperature.c...
compiling Delay.c...
compiling Common.c...
assembling STARTUP.A51...
linking...
Program Size: data=76.2 xdata=0 code=3295
creating hex file from ".\Output\GPIO"...
".\Output\GPIO" - 0 Error(s), 0 Warning(s).
Load "C:\\Users\\tianlx\\Desktop\\工作目录\\N76E003_BSP_Keil_C51_V1.0.6\\Sample_Code\\GPIOTEST\\Output\\GPIO" 
Flash Erase Done.
Flash Write Done: 3295 bytes programmed.
Flash Verify Done: 3295 bytes verified.
